# JRE version: Java(TM) SE Runtime Environment (19.0+36) (build 19+36-2238)
# Java VM: Java HotSpot(TM) 64-Bit Server VM (19+36-2238, mixed mode, sharing, tiered, compressed oops, compressed class ptrs, g1 gc, windows-amd64)
GC Precious Log:
 CardTable entry size: 512
 Card Set container configuration: InlinePtr #cards 5 size 8 Array Of Cards #cards 12 size 40 Howl #buckets 4 coarsen threshold 1843 Howl Bitmap #cards 512 size 80 coarsen threshold 460 Card regions per heap region 1 cards per card region 2048
 CPUs: 4 total, 4 available
 Memory: 3962M
 Large Page Support: Disabled
 NUMA Support: Disabled
 Compressed Oops: Enabled (32-bit)
 Heap Region Size: 1M
 Heap Min Capacity: 8M
 Heap Initial Capacity: 62M
 Heap Max Capacity: 992M
 Pre-touch: Disabled
 Parallel Workers: 4
 Concurrent Workers: 1
 Concurrent Refinement Workers: 4
 Periodic GC: Disabled
Heap:
 garbage-first heap   total 96256K, used 53370K [0x00000000c2000000, 0x0000000100000000)
  region size 1024K, 29 young (29696K), 1 survivors (1024K)
 Metaspace       used 65780K, committed 66240K, reserved 1114112K
  class space    used 7910K, committed 8192K, reserved 1048576K
GC Heap History (20 events):
Event: 2581.059 GC heap before
{Heap before GC invocations=35 (full 0):
 garbage-first heap   total 99328K, used 84475K [0x00000000c2000000, 0x0000000100000000)
  region size 1024K, 58 young (59392K), 1 survivors (1024K)
 Metaspace       used 64950K, committed 65408K, reserved 1114112K
  class space    used 7903K, committed 8192K, reserved 1048576K
}
Event: 2581.067 GC heap after
{Heap after GC invocations=36 (full 0):
 garbage-first heap   total 99328K, used 26133K [0x00000000c2000000, 0x0000000100000000)
  region size 1024K, 1 young (1024K), 1 survivors (1024K)
 Metaspace       used 64950K, committed 65408K, reserved 1114112K
  class space    used 7903K, committed 8192K, reserved 1048576K
}
Event: 2607.147 GC heap before
{Heap before GC invocations=37 (full 0):
 garbage-first heap   total 99328K, used 84501K [0x00000000c2000000, 0x0000000100000000)
  region size 1024K, 58 young (59392K), 1 survivors (1024K)
 Metaspace       used 64966K, committed 65472K, reserved 1114112K
  class space    used 7903K, committed 8192K, reserved 1048576K
}
Event: 2607.212 GC heap after
{Heap after GC invocations=38 (full 0):
 garbage-first heap   total 99328K, used 26150K [0x00000000c2000000, 0x0000000100000000)
  region size 1024K, 1 young (1024K), 1 survivors (1024K)
 Metaspace       used 64966K, committed 65472K, reserved 1114112K
  class space    used 7903K, committed 8192K, reserved 1048576K
}
Event: 2608.338 GC heap before
{Heap before GC invocations=38 (full 0):
 garbage-first heap   total 99328K, used 29222K [0x00000000c2000000, 0x0000000100000000)
  region size 1024K, 4 young (4096K), 1 survivors (1024K)
 Metaspace       used 64966K, committed 65472K, reserved 1114112K
  class space    used 7903K, committed 8192K, reserved 1048576K
}
Event: 2608.397 GC heap after
{Heap after GC invocations=39 (full 0):
 garbage-first heap   total 99328K, used 25959K [0x00000000c2000000, 0x0000000100000000)
  region size 1024K, 1 young (1024K), 1 survivors (1024K)
 Metaspace       used 64966K, committed 65472K, reserved 1114112K
  class space    used 7903K, committed 8192K, reserved 1048576K
}
Event: 2621.779 GC heap before
{Heap before GC invocations=39 (full 0):
 garbage-first heap   total 99328K, used 84327K [0x00000000c2000000, 0x0000000100000000)
  region size 1024K, 58 young (59392K), 1 survivors (1024K)
 Metaspace       used 64969K, committed 65472K, reserved 1114112K
  class space    used 7904K, committed 8192K, reserved 1048576K
}
Event: 2621.821 GC heap after
{Heap after GC invocations=40 (full 0):
 garbage-first heap   total 99328K, used 25957K [0x00000000c2000000, 0x0000000100000000)
  region size 1024K, 1 young (1024K), 1 survivors (1024K)
 Metaspace       used 64969K, committed 65472K, reserved 1114112K
  class space    used 7904K, committed 8192K, reserved 1048576K
}
Event: 2636.423 GC heap before
{Heap before GC invocations=41 (full 0):
 garbage-first heap   total 99328K, used 84325K [0x00000000c2000000, 0x0000000100000000)
  region size 1024K, 58 young (59392K), 1 survivors (1024K)
 Metaspace       used 65653K, committed 66112K, reserved 1114112K
  class space    used 7907K, committed 8192K, reserved 1048576K
}
Event: 2636.429 GC heap after
{Heap after GC invocations=42 (full 0):
 garbage-first heap   total 99328K, used 26010K [0x00000000c2000000, 0x0000000100000000)
  region size 1024K, 1 young (1024K), 1 survivors (1024K)
 Metaspace       used 65653K, committed 66112K, reserved 1114112K
  class space    used 7907K, committed 8192K, reserved 1048576K
}
Event: 2636.876 GC heap before
{Heap before GC invocations=42 (full 0):
 garbage-first heap   total 99328K, used 29082K [0x00000000c2000000, 0x0000000100000000)
  region size 1024K, 4 young (4096K), 1 survivors (1024K)
 Metaspace       used 65684K, committed 66112K, reserved 1114112K
  class space    used 7907K, committed 8192K, reserved 1048576K
}
Event: 2636.918 GC heap after
{Heap after GC invocations=43 (full 0):
 garbage-first heap   total 99328K, used 25652K [0x00000000c2000000, 0x0000000100000000)
  region size 1024K, 1 young (1024K), 1 survivors (1024K)
 Metaspace       used 65684K, committed 66112K, reserved 1114112K
  class space    used 7907K, committed 8192K, reserved 1048576K
}
Event: 2648.811 GC heap before
{Heap before GC invocations=43 (full 0):
 garbage-first heap   total 99328K, used 84020K [0x00000000c2000000, 0x0000000100000000)
  region size 1024K, 58 young (59392K), 1 survivors (1024K)
 Metaspace       used 65776K, committed 66240K, reserved 1114112K
  class space    used 7909K, committed 8192K, reserved 1048576K
}
Event: 2648.826 GC heap after
{Heap after GC invocations=44 (full 0):
 garbage-first heap   total 173056K, used 25671K [0x00000000c2000000, 0x0000000100000000)
  region size 1024K, 1 young (1024K), 1 survivors (1024K)
 Metaspace       used 65776K, committed 66240K, reserved 1114112K
  class space    used 7909K, committed 8192K, reserved 1048576K
}
Event: 2661.716 GC heap before
{Heap before GC invocations=45 (full 0):
 garbage-first heap   total 96256K, used 81991K [0x00000000c2000000, 0x0000000100000000)
  region size 1024K, 56 young (57344K), 1 survivors (1024K)
 Metaspace       used 65776K, committed 66240K, reserved 1114112K
  class space    used 7909K, committed 8192K, reserved 1048576K
}
Event: 2661.729 GC heap after
{Heap after GC invocations=46 (full 0):
 garbage-first heap   total 96256K, used 25684K [0x00000000c2000000, 0x0000000100000000)
  region size 1024K, 1 young (1024K), 1 survivors (1024K)
 Metaspace       used 65776K, committed 66240K, reserved 1114112K
  class space    used 7909K, committed 8192K, reserved 1048576K
}
Event: 2662.422 GC heap before
{Heap before GC invocations=46 (full 0):
 garbage-first heap   total 96256K, used 28756K [0x00000000c2000000, 0x0000000100000000)
  region size 1024K, 4 young (4096K), 1 survivors (1024K)
 Metaspace       used 65776K, committed 66240K, reserved 1114112K
  class space    used 7909K, committed 8192K, reserved 1048576K
}
Event: 2662.455 GC heap after
{Heap after GC invocations=47 (full 0):
 garbage-first heap   total 96256K, used 25540K [0x00000000c2000000, 0x0000000100000000)
  region size 1024K, 1 young (1024K), 1 survivors (1024K)
 Metaspace       used 65776K, committed 66240K, reserved 1114112K
  class space    used 7909K, committed 8192K, reserved 1048576K
}
Event: 2690.095 GC heap before
{Heap before GC invocations=47 (full 0):
 garbage-first heap   total 96256K, used 81860K [0x00000000c2000000, 0x0000000100000000)
  region size 1024K, 56 young (57344K), 1 survivors (1024K)
 Metaspace       used 65779K, committed 66240K, reserved 1114112K
  class space    used 7909K, committed 8192K, reserved 1048576K
}
Event: 2690.208 GC heap after
{Heap after GC invocations=48 (full 0):
 garbage-first heap   total 96256K, used 25722K [0x00000000c2000000, 0x0000000100000000)
  region size 1024K, 1 young (1024K), 1 survivors (1024K)
 Metaspace       used 65779K, committed 66240K, reserved 1114112K
  class space    used 7909K, committed 8192K, reserved 1048576K
}

